{"uuid":"55da06e8-b7e6-4538-afe8-d06f4a999c7c","historyId":"e4c8d9c37a195c3a14094182acfe8c61","fullName":"org.example.Data_Driven_Testing.data_Driven.test_Driven","labels":[{"name":"package","value":"org.example.Data_Driven_Testing.data_Driven"},{"name":"testClass","value":"org.example.Data_Driven_Testing.data_Driven"},{"name":"testMethod","value":"test_Driven"},{"name":"parentSuite","value":"Default Suite"},{"name":"suite","value":"Selenium_With_Java"},{"name":"subSuite","value":"org.example.Data_Driven_Testing.data_Driven"},{"name":"host","value":"Mayanks-MacBook-Air.local"},{"name":"thread","value":"11127@Mayanks-MacBook-Air.local.main(1)"},{"name":"framework","value":"testng"},{"name":"language","value":"java"}],"links":[],"name":"test_Driven","status":"skipped","statusDetails":{"known":false,"muted":false,"flaky":false,"message":"Unable to obtain: chromedriver, error chromedriver must exist: /Users/mayankjha/IdeaProjects/Selenium_With_Java/path/to/chromedriver\nFor documentation on this error, please visit: https://www.selenium.dev/documentation/webdriver/troubleshooting/errors/driver_location/\nBuild info: version: '4.20.0', revision: '866c76ca80'\nSystem info: os.name: 'Mac OS X', os.arch: 'aarch64', os.version: '14.1', java.version: '17.0.6'\nDriver info: driver.version: ChromeDriver","trace":"org.openqa.selenium.remote.NoSuchDriverException: Unable to obtain: chromedriver, error chromedriver must exist: /Users/mayankjha/IdeaProjects/Selenium_With_Java/path/to/chromedriver\nFor documentation on this error, please visit: https://www.selenium.dev/documentation/webdriver/troubleshooting/errors/driver_location/\nBuild info: version: '4.20.0', revision: '866c76ca80'\nSystem info: os.name: 'Mac OS X', os.arch: 'aarch64', os.version: '14.1', java.version: '17.0.6'\nDriver info: driver.version: ChromeDriver\n\tat org.openqa.selenium.remote.service.DriverFinder.getBinaryPaths(DriverFinder.java:121)\n\tat org.openqa.selenium.remote.service.DriverFinder.getDriverPath(DriverFinder.java:55)\n\tat org.openqa.selenium.chrome.ChromeDriver.generateExecutor(ChromeDriver.java:99)\n\tat org.openqa.selenium.chrome.ChromeDriver.<init>(ChromeDriver.java:88)\n\tat org.openqa.selenium.chrome.ChromeDriver.<init>(ChromeDriver.java:83)\n\tat org.openqa.selenium.chrome.ChromeDriver.<init>(ChromeDriver.java:51)\n\tat org.example.Data_Driven_Testing.data_Driven.setup(data_Driven.java:19)\n\tat java.base/jdk.internal.reflect.NativeMethodAccessorImpl.invoke0(Native Method)\n\tat java.base/jdk.internal.reflect.NativeMethodAccessorImpl.invoke(NativeMethodAccessorImpl.java:77)\n\tat java.base/jdk.internal.reflect.DelegatingMethodAccessorImpl.invoke(DelegatingMethodAccessorImpl.java:43)\n\tat java.base/java.lang.reflect.Method.invoke(Method.java:568)\n\tat org.testng.internal.invokers.MethodInvocationHelper.invokeMethod(MethodInvocationHelper.java:141)\n\tat org.testng.internal.invokers.MethodInvocationHelper.invokeMethodConsideringTimeout(MethodInvocationHelper.java:71)\n\tat org.testng.internal.invokers.ConfigInvoker.invokeConfigurationMethod(ConfigInvoker.java:400)\n\tat org.testng.internal.invokers.ConfigInvoker.invokeConfigurations(ConfigInvoker.java:333)\n\tat org.testng.internal.invokers.TestMethodWorker.invokeBeforeClassMethods(TestMethodWorker.java:188)\n\tat org.testng.internal.invokers.TestMethodWorker.run(TestMethodWorker.java:128)\n\tat java.base/java.util.ArrayList.forEach(ArrayList.java:1511)\n\tat org.testng.TestRunner.privateRun(TestRunner.java:739)\n\tat org.testng.TestRunner.run(TestRunner.java:614)\n\tat org.testng.SuiteRunner.runTest(SuiteRunner.java:421)\n\tat org.testng.SuiteRunner.runSequentially(SuiteRunner.java:413)\n\tat org.testng.SuiteRunner.privateRun(SuiteRunner.java:373)\n\tat org.testng.SuiteRunner.run(SuiteRunner.java:312)\n\tat org.testng.SuiteRunnerWorker.runSuite(SuiteRunnerWorker.java:52)\n\tat org.testng.SuiteRunnerWorker.run(SuiteRunnerWorker.java:95)\n\tat org.testng.TestNG.runSuitesSequentially(TestNG.java:1274)\n\tat org.testng.TestNG.runSuitesLocally(TestNG.java:1208)\n\tat org.testng.TestNG.runSuites(TestNG.java:1112)\n\tat org.testng.TestNG.run(TestNG.java:1079)\n\tat com.intellij.rt.testng.IDEARemoteTestNG.run(IDEARemoteTestNG.java:65)\n\tat com.intellij.rt.testng.RemoteTestNGStarter.main(RemoteTestNGStarter.java:105)\nCaused by: java.lang.IllegalStateException: chromedriver must exist: /Users/mayankjha/IdeaProjects/Selenium_With_Java/path/to/chromedriver\n\tat org.openqa.selenium.internal.Require$FileStateChecker.isFile(Require.java:346)\n\tat org.openqa.selenium.internal.Require$FileStateChecker.isExecutable(Require.java:368)\n\tat org.openqa.selenium.remote.service.DriverFinder.getBinaryPaths(DriverFinder.java:118)\n\t... 31 more\n"},"stage":"finished","steps":[],"attachments":[],"parameters":[{"name":"arg3","value":"Valid"},{"name":"arg2","value":"KvUtCe9@usZG3pZ"},{"name":"arg1","value":"valid@example.com"},{"name":"arg0","value":"4"}],"start":1716659916530,"stop":1716659916531}